PLINK v1.9.0-b.8 64-bit (22 Oct 2024)
Options in effect:
  --assoc
  --bfile results/step2_mafQC
  --out results/gwas_results

Hostname: 07-G3-80863-22
Working directory: /Users/u5502376/Documents/Github/gwas-pipeline-demo
Start time: Thu Apr  9 15:20:54 2026

Random number seed: 1775744454
16384 MB RAM detected; reserving 8192 MB for main workspace.
10000 variants loaded from .bim file.
1000 people (0 males, 1000 females) loaded from .fam.
1000 phenotype values loaded from .fam.
Using 1 thread (no multithreaded calculations invoked).
Before main variant filters, 1000 founders and 0 nonfounders present.
Calculating allele frequencies... done.
Total genotyping rate is exactly 1.
10000 variants and 1000 people pass filters and QC.
Among remaining phenotypes, 518 are cases and 482 are controls.
Writing C/C --assoc report to results/gwas_results.assoc ...
done.

End time: Thu Apr  9 15:20:54 2026
