PLINK v1.9.0-b.8 64-bit (22 Oct 2024)
Options in effect:
  --bfile results/step1_genoQC
  --maf 0.01
  --make-bed
  --out results/step2_mafQC

Hostname: 07-G3-80863-22
Working directory: /Users/u5502376/Documents/Github/gwas-pipeline-demo
Start time: Thu Apr  9 15:20:54 2026

Random number seed: 1775744454
16384 MB RAM detected; reserving 8192 MB for main workspace.
10000 variants loaded from .bim file.
1000 people (0 males, 1000 females) loaded from .fam.
1000 phenotype values loaded from .fam.
Using 1 thread (no multithreaded calculations invoked).
Before main variant filters, 1000 founders and 0 nonfounders present.
Calculating allele frequencies... done.
Total genotyping rate is exactly 1.
0 variants removed due to minor allele threshold(s)
(--maf/--max-maf/--mac/--max-mac).
10000 variants and 1000 people pass filters and QC.
Among remaining phenotypes, 518 are cases and 482 are controls.
--make-bed to results/step2_mafQC.bed + results/step2_mafQC.bim +
results/step2_mafQC.fam ... done.

End time: Thu Apr  9 15:20:54 2026
